<?xml version="1.0" encoding="UTF-8"?>
<testng-results ignored="0" total="5" passed="5" failed="0" skipped="0">
  <reporter-output>
  </reporter-output>
  <suite started-at="2025-06-08T15:10:46Z" name="Simplilearn" finished-at="2025-06-08T15:11:26Z" duration-ms="40320">
    <groups>
    </groups>
    <test started-at="2025-06-08T15:10:46Z" name="SmokeTest" finished-at="2025-06-08T15:11:26Z" duration-ms="40320">
      <class name="swaglab_test.LoginTest">
        <test-method is-config="true" signature="SetUpExcel()[pri:0, instance:swaglab_test.LoginTest@2474f125]" started-at="2025-06-08T15:10:46Z" name="SetUpExcel" finished-at="2025-06-08T15:10:49Z" duration-ms="2811" status="PASS">
          <reporter-output>
          </reporter-output>
        </test-method> <!-- SetUpExcel -->
        <test-method is-config="true" signature="SetUp()[pri:0, instance:swaglab_test.LoginTest@2474f125]" started-at="2025-06-08T15:10:49Z" name="SetUp" finished-at="2025-06-08T15:10:57Z" duration-ms="7941" status="PASS">
          <reporter-output>
          </reporter-output>
        </test-method> <!-- SetUp -->
        <test-method signature="LockedUserLoginFailureTest()[pri:0, instance:swaglab_test.LoginTest@2474f125]" started-at="2025-06-08T15:10:57Z" name="LockedUserLoginFailureTest" finished-at="2025-06-08T15:10:58Z" duration-ms="1300" status="PASS">
          <reporter-output>
          </reporter-output>
        </test-method> <!-- LockedUserLoginFailureTest -->
        <test-method is-config="true" signature="TearDown()[pri:0, instance:swaglab_test.LoginTest@2474f125]" started-at="2025-06-08T15:10:58Z" name="TearDown" finished-at="2025-06-08T15:10:59Z" duration-ms="874" status="PASS">
          <reporter-output>
          </reporter-output>
        </test-method> <!-- TearDown -->
        <test-method is-config="true" signature="SetUp()[pri:0, instance:swaglab_test.LoginTest@2474f125]" started-at="2025-06-08T15:10:59Z" name="SetUp" finished-at="2025-06-08T15:11:05Z" duration-ms="5648" status="PASS">
          <reporter-output>
          </reporter-output>
        </test-method> <!-- SetUp -->
        <test-method signature="LoginFailureTestFromExcel()[pri:0, instance:swaglab_test.LoginTest@2474f125]" started-at="2025-06-08T15:11:05Z" name="LoginFailureTestFromExcel" finished-at="2025-06-08T15:11:06Z" duration-ms="1352" status="PASS">
          <reporter-output>
          </reporter-output>
        </test-method> <!-- LoginFailureTestFromExcel -->
        <test-method is-config="true" signature="TearDown()[pri:0, instance:swaglab_test.LoginTest@2474f125]" started-at="2025-06-08T15:11:06Z" name="TearDown" finished-at="2025-06-08T15:11:07Z" duration-ms="875" status="PASS">
          <reporter-output>
          </reporter-output>
        </test-method> <!-- TearDown -->
        <test-method is-config="true" signature="SetUp()[pri:0, instance:swaglab_test.LoginTest@2474f125]" started-at="2025-06-08T15:11:07Z" name="SetUp" finished-at="2025-06-08T15:11:12Z" duration-ms="4946" status="PASS">
          <reporter-output>
          </reporter-output>
        </test-method> <!-- SetUp -->
        <test-method signature="LoginFailureTestFromProperties()[pri:0, instance:swaglab_test.LoginTest@2474f125]" started-at="2025-06-08T15:11:12Z" name="LoginFailureTestFromProperties" finished-at="2025-06-08T15:11:13Z" duration-ms="1086" status="PASS">
          <reporter-output>
          </reporter-output>
        </test-method> <!-- LoginFailureTestFromProperties -->
        <test-method is-config="true" signature="TearDown()[pri:0, instance:swaglab_test.LoginTest@2474f125]" started-at="2025-06-08T15:11:13Z" name="TearDown" finished-at="2025-06-08T15:11:14Z" duration-ms="852" status="PASS">
          <reporter-output>
          </reporter-output>
        </test-method> <!-- TearDown -->
        <test-method is-config="true" signature="SetUp()[pri:0, instance:swaglab_test.LoginTest@2474f125]" started-at="2025-06-08T15:11:14Z" name="SetUp" finished-at="2025-06-08T15:11:18Z" duration-ms="4469" status="PASS">
          <reporter-output>
          </reporter-output>
        </test-method> <!-- SetUp -->
        <test-method signature="LoginSuccessTest()[pri:0, instance:swaglab_test.LoginTest@2474f125]" started-at="2025-06-08T15:11:18Z" name="LoginSuccessTest" finished-at="2025-06-08T15:11:19Z" duration-ms="985" status="PASS">
          <reporter-output>
          </reporter-output>
        </test-method> <!-- LoginSuccessTest -->
        <test-method is-config="true" signature="TearDown()[pri:0, instance:swaglab_test.LoginTest@2474f125]" started-at="2025-06-08T15:11:19Z" name="TearDown" finished-at="2025-06-08T15:11:20Z" duration-ms="882" status="PASS">
          <reporter-output>
          </reporter-output>
        </test-method> <!-- TearDown -->
        <test-method is-config="true" signature="SetUp()[pri:0, instance:swaglab_test.LoginTest@2474f125]" started-at="2025-06-08T15:11:20Z" name="SetUp" finished-at="2025-06-08T15:11:24Z" duration-ms="4114" status="PASS">
          <reporter-output>
          </reporter-output>
        </test-method> <!-- SetUp -->
        <test-method signature="LoginFailureTest()[pri:1, instance:swaglab_test.LoginTest@2474f125]" started-at="2025-06-08T15:11:24Z" name="LoginFailureTest" finished-at="2025-06-08T15:11:25Z" duration-ms="892" status="PASS">
          <reporter-output>
          </reporter-output>
        </test-method> <!-- LoginFailureTest -->
        <test-method is-config="true" signature="TearDown()[pri:0, instance:swaglab_test.LoginTest@2474f125]" started-at="2025-06-08T15:11:25Z" name="TearDown" finished-at="2025-06-08T15:11:26Z" duration-ms="849" status="PASS">
          <reporter-output>
          </reporter-output>
        </test-method> <!-- TearDown -->
        <test-method is-config="true" signature="CloseExcel()[pri:0, instance:swaglab_test.LoginTest@2474f125]" started-at="2025-06-08T15:11:26Z" name="CloseExcel" finished-at="2025-06-08T15:11:26Z" duration-ms="370" status="PASS">
          <reporter-output>
          </reporter-output>
        </test-method> <!-- CloseExcel -->
      </class> <!-- swaglab_test.LoginTest -->
    </test> <!-- SmokeTest -->
  </suite> <!-- Simplilearn -->
</testng-results>
