<?xml version="1.0" encoding="UTF-8"?>
<testng-results ignored="0" total="5" passed="5" failed="0" skipped="0">
  <reporter-output>
  </reporter-output>
  <suite started-at="2025-06-07T16:46:44Z" name="Simplilearn" finished-at="2025-06-07T16:47:09Z" duration-ms="25484">
    <groups>
    </groups>
    <test started-at="2025-06-07T16:46:44Z" name="SmokeTest" finished-at="2025-06-07T16:47:09Z" duration-ms="25484">
      <class name="swaglab_test.LoginTest">
        <test-method is-config="true" signature="SetUpExcel()[pri:0, instance:swaglab_test.LoginTest@54eb2b70]" started-at="2025-06-07T16:46:44Z" name="SetUpExcel" finished-at="2025-06-07T16:46:45Z" duration-ms="1033" status="PASS">
          <reporter-output>
          </reporter-output>
        </test-method> <!-- SetUpExcel -->
        <test-method is-config="true" signature="SetUp()[pri:0, instance:swaglab_test.LoginTest@54eb2b70]" started-at="2025-06-07T16:46:45Z" name="SetUp" finished-at="2025-06-07T16:46:50Z" duration-ms="4634" status="PASS">
          <reporter-output>
          </reporter-output>
        </test-method> <!-- SetUp -->
        <test-method signature="LockedUserLoginFailureTest()[pri:0, instance:swaglab_test.LoginTest@54eb2b70]" started-at="2025-06-07T16:46:50Z" name="LockedUserLoginFailureTest" finished-at="2025-06-07T16:46:50Z" duration-ms="618" status="PASS">
          <reporter-output>
          </reporter-output>
        </test-method> <!-- LockedUserLoginFailureTest -->
        <test-method is-config="true" signature="TearDown()[pri:0, instance:swaglab_test.LoginTest@54eb2b70]" started-at="2025-06-07T16:46:50Z" name="TearDown" finished-at="2025-06-07T16:46:51Z" duration-ms="447" status="PASS">
          <reporter-output>
          </reporter-output>
        </test-method> <!-- TearDown -->
        <test-method is-config="true" signature="SetUp()[pri:0, instance:swaglab_test.LoginTest@54eb2b70]" started-at="2025-06-07T16:46:51Z" name="SetUp" finished-at="2025-06-07T16:46:54Z" duration-ms="3596" status="PASS">
          <reporter-output>
          </reporter-output>
        </test-method> <!-- SetUp -->
        <test-method signature="LoginFailureTestFromExcel()[pri:0, instance:swaglab_test.LoginTest@54eb2b70]" started-at="2025-06-07T16:46:54Z" name="LoginFailureTestFromExcel" finished-at="2025-06-07T16:46:55Z" duration-ms="591" status="PASS">
          <reporter-output>
          </reporter-output>
        </test-method> <!-- LoginFailureTestFromExcel -->
        <test-method is-config="true" signature="TearDown()[pri:0, instance:swaglab_test.LoginTest@54eb2b70]" started-at="2025-06-07T16:46:55Z" name="TearDown" finished-at="2025-06-07T16:46:55Z" duration-ms="427" status="PASS">
          <reporter-output>
          </reporter-output>
        </test-method> <!-- TearDown -->
        <test-method is-config="true" signature="SetUp()[pri:0, instance:swaglab_test.LoginTest@54eb2b70]" started-at="2025-06-07T16:46:55Z" name="SetUp" finished-at="2025-06-07T16:46:59Z" duration-ms="3784" status="PASS">
          <reporter-output>
          </reporter-output>
        </test-method> <!-- SetUp -->
        <test-method signature="LoginFailureTestFromProperties()[pri:0, instance:swaglab_test.LoginTest@54eb2b70]" started-at="2025-06-07T16:46:59Z" name="LoginFailureTestFromProperties" finished-at="2025-06-07T16:47:00Z" duration-ms="565" status="PASS">
          <reporter-output>
          </reporter-output>
        </test-method> <!-- LoginFailureTestFromProperties -->
        <test-method is-config="true" signature="TearDown()[pri:0, instance:swaglab_test.LoginTest@54eb2b70]" started-at="2025-06-07T16:47:00Z" name="TearDown" finished-at="2025-06-07T16:47:00Z" duration-ms="464" status="PASS">
          <reporter-output>
          </reporter-output>
        </test-method> <!-- TearDown -->
        <test-method is-config="true" signature="SetUp()[pri:0, instance:swaglab_test.LoginTest@54eb2b70]" started-at="2025-06-07T16:47:00Z" name="SetUp" finished-at="2025-06-07T16:47:03Z" duration-ms="3222" status="PASS">
          <reporter-output>
          </reporter-output>
        </test-method> <!-- SetUp -->
        <test-method signature="LoginSuccessTest()[pri:0, instance:swaglab_test.LoginTest@54eb2b70]" started-at="2025-06-07T16:47:03Z" name="LoginSuccessTest" finished-at="2025-06-07T16:47:04Z" duration-ms="733" status="PASS">
          <reporter-output>
          </reporter-output>
        </test-method> <!-- LoginSuccessTest -->
        <test-method is-config="true" signature="TearDown()[pri:0, instance:swaglab_test.LoginTest@54eb2b70]" started-at="2025-06-07T16:47:04Z" name="TearDown" finished-at="2025-06-07T16:47:05Z" duration-ms="519" status="PASS">
          <reporter-output>
          </reporter-output>
        </test-method> <!-- TearDown -->
        <test-method is-config="true" signature="SetUp()[pri:0, instance:swaglab_test.LoginTest@54eb2b70]" started-at="2025-06-07T16:47:05Z" name="SetUp" finished-at="2025-06-07T16:47:08Z" duration-ms="3530" status="PASS">
          <reporter-output>
          </reporter-output>
        </test-method> <!-- SetUp -->
        <test-method signature="LoginFailureTest()[pri:1, instance:swaglab_test.LoginTest@54eb2b70]" started-at="2025-06-07T16:47:08Z" name="LoginFailureTest" finished-at="2025-06-07T16:47:09Z" duration-ms="677" status="PASS">
          <reporter-output>
          </reporter-output>
        </test-method> <!-- LoginFailureTest -->
        <test-method is-config="true" signature="TearDown()[pri:0, instance:swaglab_test.LoginTest@54eb2b70]" started-at="2025-06-07T16:47:09Z" name="TearDown" finished-at="2025-06-07T16:47:09Z" duration-ms="414" status="PASS">
          <reporter-output>
          </reporter-output>
        </test-method> <!-- TearDown -->
        <test-method is-config="true" signature="CloseExcel()[pri:0, instance:swaglab_test.LoginTest@54eb2b70]" started-at="2025-06-07T16:47:09Z" name="CloseExcel" finished-at="2025-06-07T16:47:09Z" duration-ms="159" status="PASS">
          <reporter-output>
          </reporter-output>
        </test-method> <!-- CloseExcel -->
      </class> <!-- swaglab_test.LoginTest -->
    </test> <!-- SmokeTest -->
  </suite> <!-- Simplilearn -->
</testng-results>
