<?xml version="1.0" encoding="UTF-8"?>
<!-- Generated by org.testng.reporters.JUnitXMLReporter -->
<testsuite ignored="0" hostname="DESKTOP-48ME6A4" failures="0" tests="5" name="SmokeTest" time="25.484" errors="0" timestamp="07 Jun 2025 16:47:09 GMT">
  <testcase classname="swaglab_test.LoginTest" name="LockedUserLoginFailureTest" time="0.618"/>
  <testcase classname="swaglab_test.LoginTest" name="LoginFailureTestFromExcel" time="0.591"/>
  <testcase classname="swaglab_test.LoginTest" name="LoginFailureTestFromProperties" time="0.565"/>
  <testcase classname="swaglab_test.LoginTest" name="LoginSuccessTest" time="0.733"/>
  <testcase classname="swaglab_test.LoginTest" name="LoginFailureTest" time="0.677"/>
</testsuite> <!-- SmokeTest -->
