<?xml version="1.0" encoding="UTF-8"?>
<!-- Generated by org.testng.reporters.JUnitXMLReporter -->
<testsuite ignored="0" hostname="DESKTOP-48ME6A4" failures="0" tests="5" name="SmokeTest" time="40.32" errors="0" timestamp="08 Jun 2025 15:11:27 GMT">
  <testcase classname="swaglab_test.LoginTest" name="LockedUserLoginFailureTest" time="1.3"/>
  <testcase classname="swaglab_test.LoginTest" name="LoginFailureTestFromExcel" time="1.352"/>
  <testcase classname="swaglab_test.LoginTest" name="LoginFailureTestFromProperties" time="1.086"/>
  <testcase classname="swaglab_test.LoginTest" name="LoginSuccessTest" time="0.985"/>
  <testcase classname="swaglab_test.LoginTest" name="LoginFailureTest" time="0.892"/>
</testsuite> <!-- SmokeTest -->
