<?xml version="1.0" encoding="UTF-8"?>
<!-- Generated by org.testng.reporters.JUnitXMLReporter -->
<testsuite ignored="0" hostname="DESKTOP-48ME6A4" failures="0" tests="5" name="SmokeTest" time="88.21" errors="0" timestamp="21 Jun 2025 14:27:59 GMT">
  <testcase classname="swaglab_test.LoginTest" name="LockedUserLoginFailureTest" time="0.773"/>
  <testcase classname="swaglab_test.LoginTest" name="LoginFailureTestFromExcel" time="1.088"/>
  <testcase classname="swaglab_test.LoginTest" name="LoginFailureTestFromProperties" time="0.727"/>
  <testcase classname="swaglab_test.LoginTest" name="LoginSuccessTest" time="1.036"/>
  <testcase classname="swaglab_test.LoginTest" name="LoginFailureTest" time="0.709"/>
</testsuite> <!-- SmokeTest -->
